mode: set
github.com/GritsyukLeonid/pastebin-go/internal/service/channel.go:12.70,13.6 1 0
github.com/GritsyukLeonid/pastebin-go/internal/service/channel.go:13.6,14.10 1 0
github.com/GritsyukLeonid/pastebin-go/internal/service/channel.go:15.21,16.10 1 0
github.com/GritsyukLeonid/pastebin-go/internal/service/channel.go:17.20,18.54 1 0
github.com/GritsyukLeonid/pastebin-go/internal/service/channel.go:18.54,20.5 1 0
github.com/GritsyukLeonid/pastebin-go/internal/service/channel.go:25.38,29.6 3 0
github.com/GritsyukLeonid/pastebin-go/internal/service/channel.go:29.6,30.10 1 0
github.com/GritsyukLeonid/pastebin-go/internal/service/channel.go:31.21,32.10 1 0
github.com/GritsyukLeonid/pastebin-go/internal/service/channel.go:33.19,35.33 2 0
github.com/GritsyukLeonid/pastebin-go/internal/service/channel.go:35.33,36.27 1 0
github.com/GritsyukLeonid/pastebin-go/internal/service/channel.go:36.27,38.6 1 0
github.com/GritsyukLeonid/pastebin-go/internal/service/paste_service.go:14.37,17.2 2 1
github.com/GritsyukLeonid/pastebin-go/internal/service/paste_service.go:19.93,23.51 3 1
github.com/GritsyukLeonid/pastebin-go/internal/service/paste_service.go:23.51,25.3 1 0
github.com/GritsyukLeonid/pastebin-go/internal/service/paste_service.go:26.2,26.15 1 1
github.com/GritsyukLeonid/pastebin-go/internal/service/paste_service.go:29.90,31.16 2 1
github.com/GritsyukLeonid/pastebin-go/internal/service/paste_service.go:31.16,33.3 1 1
github.com/GritsyukLeonid/pastebin-go/internal/service/paste_service.go:34.2,34.16 1 1
github.com/GritsyukLeonid/pastebin-go/internal/service/paste_service.go:37.74,39.2 1 1
github.com/GritsyukLeonid/pastebin-go/internal/service/paste_service.go:41.79,44.26 3 0
github.com/GritsyukLeonid/pastebin-go/internal/service/paste_service.go:44.26,46.3 1 0
github.com/GritsyukLeonid/pastebin-go/internal/service/paste_service.go:47.2,47.17 1 0
github.com/GritsyukLeonid/pastebin-go/internal/service/shorturl_service.go:13.43,15.2 1 1
github.com/GritsyukLeonid/pastebin-go/internal/service/shorturl_service.go:17.106,18.52 1 1
github.com/GritsyukLeonid/pastebin-go/internal/service/shorturl_service.go:18.52,20.3 1 0
github.com/GritsyukLeonid/pastebin-go/internal/service/shorturl_service.go:21.2,21.16 1 1
github.com/GritsyukLeonid/pastebin-go/internal/service/shorturl_service.go:24.95,26.16 2 1
github.com/GritsyukLeonid/pastebin-go/internal/service/shorturl_service.go:26.16,28.3 1 1
github.com/GritsyukLeonid/pastebin-go/internal/service/shorturl_service.go:29.2,29.17 1 1
github.com/GritsyukLeonid/pastebin-go/internal/service/shorturl_service.go:32.80,34.2 1 1
github.com/GritsyukLeonid/pastebin-go/internal/service/shorturl_service.go:36.89,38.2 1 0
github.com/GritsyukLeonid/pastebin-go/internal/service/stats_service.go:12.37,15.2 2 1
github.com/GritsyukLeonid/pastebin-go/internal/service/stats_service.go:17.97,18.55 1 1
github.com/GritsyukLeonid/pastebin-go/internal/service/stats_service.go:18.55,20.3 1 0
github.com/GritsyukLeonid/pastebin-go/internal/service/stats_service.go:21.2,21.19 1 1
github.com/GritsyukLeonid/pastebin-go/internal/service/stats_service.go:24.73,26.16 2 0
github.com/GritsyukLeonid/pastebin-go/internal/service/stats_service.go:26.16,28.3 1 0
github.com/GritsyukLeonid/pastebin-go/internal/service/stats_service.go:30.2,31.39 2 0
github.com/GritsyukLeonid/pastebin-go/internal/service/stats_service.go:34.77,37.25 3 1
github.com/GritsyukLeonid/pastebin-go/internal/service/stats_service.go:37.25,39.3 1 1
github.com/GritsyukLeonid/pastebin-go/internal/service/stats_service.go:40.2,40.19 1 1
github.com/GritsyukLeonid/pastebin-go/internal/service/stats_service.go:43.74,45.2 1 1
github.com/GritsyukLeonid/pastebin-go/internal/service/user_service.go:14.35,17.2 2 1
github.com/GritsyukLeonid/pastebin-go/internal/service/user_service.go:19.89,22.47 2 1
github.com/GritsyukLeonid/pastebin-go/internal/service/user_service.go:22.47,24.3 1 0
github.com/GritsyukLeonid/pastebin-go/internal/service/user_service.go:25.2,25.15 1 1
github.com/GritsyukLeonid/pastebin-go/internal/service/user_service.go:28.87,30.16 2 1
github.com/GritsyukLeonid/pastebin-go/internal/service/user_service.go:30.16,32.3 1 0
github.com/GritsyukLeonid/pastebin-go/internal/service/user_service.go:33.2,34.16 2 1
github.com/GritsyukLeonid/pastebin-go/internal/service/user_service.go:34.16,36.3 1 1
github.com/GritsyukLeonid/pastebin-go/internal/service/user_service.go:37.2,37.16 1 1
github.com/GritsyukLeonid/pastebin-go/internal/service/user_service.go:40.72,42.16 2 1
github.com/GritsyukLeonid/pastebin-go/internal/service/user_service.go:42.16,44.3 1 0
github.com/GritsyukLeonid/pastebin-go/internal/service/user_service.go:45.2,45.35 1 1
github.com/GritsyukLeonid/pastebin-go/internal/service/user_service.go:48.76,51.24 3 0
github.com/GritsyukLeonid/pastebin-go/internal/service/user_service.go:51.24,53.3 1 0
github.com/GritsyukLeonid/pastebin-go/internal/service/user_service.go:54.2,54.19 1 0
